#
# There is insufficient memory for the Java Runtime Environment to continue.
# Native memory allocation (malloc) failed to allocate 505296 bytes for Chunk::new
# Possible reasons:
#   The system is out of physical RAM or swap space
#   The process is running with CompressedOops enabled, and the Java Heap may be blocking the growth of the native heap
# Possible solutions:
#   Reduce memory load on the system
#   Increase physical memory or swap space
#   Check if swap backing store is full
#   Decrease Java heap size (-Xmx/-Xms)
#   Decrease number of Java threads
#   Decrease Java thread stack sizes (-Xss)
#   Set larger code cache with -XX:ReservedCodeCacheSize=
#   JVM is running with Unscaled Compressed Oops mode in which the Java heap is
#     placed in the first 4GB address space. The Java Heap base address is the
#     maximum limit for the native heap growth. Please use -XX:HeapBaseMinAddress
#     to set the Java Heap base and to place the Java Heap above 4GB virtual address.
# This output file may be truncated or incomplete.
#
#  Out of Memory Error (allocation.cpp:389), pid=10644, tid=0x0000000000003b90
#
# JRE version: Java(TM) SE Runtime Environment (8.0_212-b10) (build 1.8.0_212-b10)
# Java VM: Java HotSpot(TM) 64-Bit Server VM (25.212-b10 mixed mode windows-amd64 compressed oops)
# Failed to write core dump. Minidumps are not enabled by default on client versions of Windows
#

---------------  T H R E A D  ---------------

Current thread (0x0000000017323800):  JavaThread "C2 CompilerThread0" daemon [_thread_in_native, id=15248, stack(0x0000000018970000,0x0000000018a70000)]

Stack: [0x0000000018970000,0x0000000018a70000]
[error occurred during error reporting (printing stack bounds), id 0xc0000005]

Native frames: (J=compiled Java code, j=interpreted, Vv=VM code, C=native code)


Current CompileTask:
C2:   2712 2339       4       org.codehaus.plexus.util.xml.Xpp3Dom::<init> (139 bytes)


---------------  P R O C E S S  ---------------

Java Threads: ( => current thread )
  0x000000001737e000 JavaThread "Service Thread" daemon [_thread_blocked, id=5872, stack(0x0000000019070000,0x0000000019170000)]
  0x000000001732e800 JavaThread "C1 CompilerThread2" daemon [_thread_blocked, id=14500, stack(0x0000000018b70000,0x0000000018c70000)]
  0x0000000017326800 JavaThread "C2 CompilerThread1" daemon [_thread_in_native, id=14468, stack(0x0000000018a70000,0x0000000018b70000)]
=>0x0000000017323800 JavaThread "C2 CompilerThread0" daemon [_thread_in_native, id=15248, stack(0x0000000018970000,0x0000000018a70000)]
  0x000000001731e800 JavaThread "Attach Listener" daemon [_thread_blocked, id=12416, stack(0x0000000018870000,0x0000000018970000)]
  0x000000001731d000 JavaThread "Signal Dispatcher" daemon [_thread_blocked, id=15220, stack(0x0000000018770000,0x0000000018870000)]
  0x00000000027ed000 JavaThread "Finalizer" daemon [_thread_blocked, id=14540, stack(0x0000000018570000,0x0000000018670000)]
  0x000000001730a000 JavaThread "Reference Handler" daemon [_thread_blocked, id=6872, stack(0x0000000018470000,0x0000000018570000)]
  0x00000000026f2800 JavaThread "main" [_thread_in_Java, id=1888, stack(0x00000000025e0000,0x00000000026e0000)]

Other Threads:
  0x00000000172e6800 VMThread [stack: 0x0000000018370000,0x0000000018470000] [id=14304]
  0x0000000018ccc800 WatcherThread [stack: 0x0000000019170000,0x0000000019270000] [id=11560]

VM state:not at safepoint (normal execution)

VM Mutex/Monitor currently owned by a thread: None

heap address: 0x0000000081c00000, size: 2020 MB, Compressed Oops mode: 32-bit
Narrow klass base: 0x0000000000000000, Narrow klass shift: 3
Compressed class space size: 1073741824 Address: 0x0000000100000000

Heap:
 PSYoungGen      total 38400K, used 36823K [0x00000000d5f00000, 0x00000000daa00000, 0x0000000100000000)
  eden space 33280K, 95% used [0x00000000d5f00000,0x00000000d7dfdbe8,0x00000000d7f80000)
  from space 5120K, 99% used [0x00000000d7f80000,0x00000000d8478020,0x00000000d8480000)
  to   space 5120K, 0% used [0x00000000da500000,0x00000000da500000,0x00000000daa00000)
 ParOldGen       total 87552K, used 4980K [0x0000000081c00000, 0x0000000087180000, 0x00000000d5f00000)
  object space 87552K, 5% used [0x0000000081c00000,0x00000000820dd2a0,0x0000000087180000)
 Metaspace       used 15144K, capacity 15354K, committed 15616K, reserved 1062912K
  class space    used 1837K, capacity 1943K, committed 2048K, reserved 1048576K

Card table byte_map: [0x0000000011bb0000,0x0000000011fb0000] byte_map_base: 0x00000000117a2000

Marking Bits: (ParMarkBitMap*) 0x000000005a745ce0
 Begin Bits: [0x0000000012660000, 0x00000000145f0000)
 End Bits:   [0x00000000145f0000, 0x0000000016580000)

Polling page: 0x00000000007d0000

CodeCache: size=245760Kb used=7640Kb max_used=7640Kb free=238119Kb
 bounds [0x00000000027f0000, 0x0000000002f70000, 0x00000000117f0000]
 total_blobs=2731 nmethods=2380 adapters=263
 compilation: enabled

Compilation events (10 events):
Event: 2.704 Thread 0x000000001732e800 2387       1       org.apache.maven.model.Parent::getRelativePath (5 bytes)
Event: 2.704 Thread 0x000000001732e800 nmethod 2387 0x0000000002f66a10 code [0x0000000002f66b60, 0x0000000002f66c70]
Event: 2.706 Thread 0x000000001732e800 2388       1       java.util.Collections$SingletonList::size (2 bytes)
Event: 2.706 Thread 0x000000001732e800 nmethod 2388 0x0000000002f66750 code [0x0000000002f668a0, 0x0000000002f669b0]
Event: 2.706 Thread 0x000000001732e800 2389       3       org.apache.maven.model.Dependency::setVersion (6 bytes)
Event: 2.706 Thread 0x000000001732e800 nmethod 2389 0x0000000002f66410 code [0x0000000002f66560, 0x0000000002f666d0]
Event: 2.707 Thread 0x000000001732e800 2391       1       org.apache.maven.model.DistributionManagement::getDownloadUrl (5 bytes)
Event: 2.707 Thread 0x000000001732e800 nmethod 2391 0x0000000002f66150 code [0x0000000002f662a0, 0x0000000002f663b0]
Event: 2.709 Thread 0x000000001732e800 2392       3       java.nio.charset.Charset::lookup (44 bytes)
Event: 2.710 Thread 0x000000001732e800 nmethod 2392 0x0000000002f6d510 code [0x0000000002f6d6c0, 0x0000000002f6dba8]

GC Heap History (6 events):
Event: 0.868 GC heap before
{Heap before GC invocations=1 (full 0):
 PSYoungGen      total 38400K, used 33280K [0x00000000d5f00000, 0x00000000d8980000, 0x0000000100000000)
  eden space 33280K, 100% used [0x00000000d5f00000,0x00000000d7f80000,0x00000000d7f80000)
  from space 5120K, 0% used [0x00000000d8480000,0x00000000d8480000,0x00000000d8980000)
  to   space 5120K, 0% used [0x00000000d7f80000,0x00000000d7f80000,0x00000000d8480000)
 ParOldGen       total 87552K, used 0K [0x0000000081c00000, 0x0000000087180000, 0x00000000d5f00000)
  object space 87552K, 0% used [0x0000000081c00000,0x0000000081c00000,0x0000000087180000)
 Metaspace       used 8228K, capacity 8348K, committed 8576K, reserved 1056768K
  class space    used 1008K, capacity 1080K, committed 1152K, reserved 1048576K
Event: 0.875 GC heap after
Heap after GC invocations=1 (full 0):
 PSYoungGen      total 38400K, used 5119K [0x00000000d5f00000, 0x00000000d8980000, 0x0000000100000000)
  eden space 33280K, 0% used [0x00000000d5f00000,0x00000000d5f00000,0x00000000d7f80000)
  from space 5120K, 99% used [0x00000000d7f80000,0x00000000d847ff78,0x00000000d8480000)
  to   space 5120K, 0% used [0x00000000d8480000,0x00000000d8480000,0x00000000d8980000)
 ParOldGen       total 87552K, used 157K [0x0000000081c00000, 0x0000000087180000, 0x00000000d5f00000)
  object space 87552K, 0% used [0x0000000081c00000,0x0000000081c27620,0x0000000087180000)
 Metaspace       used 8228K, capacity 8348K, committed 8576K, reserved 1056768K
  class space    used 1008K, capacity 1080K, committed 1152K, reserved 1048576K
}
Event: 1.407 GC heap before
{Heap before GC invocations=2 (full 0):
 PSYoungGen      total 38400K, used 38399K [0x00000000d5f00000, 0x00000000d8980000, 0x0000000100000000)
  eden space 33280K, 100% used [0x00000000d5f00000,0x00000000d7f80000,0x00000000d7f80000)
  from space 5120K, 99% used [0x00000000d7f80000,0x00000000d847ff78,0x00000000d8480000)
  to   space 5120K, 0% used [0x00000000d8480000,0x00000000d8480000,0x00000000d8980000)
 ParOldGen       total 87552K, used 157K [0x0000000081c00000, 0x0000000087180000, 0x00000000d5f00000)
  object space 87552K, 0% used [0x0000000081c00000,0x0000000081c27620,0x0000000087180000)
 Metaspace       used 11942K, capacity 12142K, committed 12416K, reserved 1060864K
  class space    used 1495K, capacity 1573K, committed 1664K, reserved 1048576K
Event: 1.414 GC heap after
Heap after GC invocations=2 (full 0):
 PSYoungGen      total 38400K, used 5107K [0x00000000d5f00000, 0x00000000d8980000, 0x0000000100000000)
  eden space 33280K, 0% used [0x00000000d5f00000,0x00000000d5f00000,0x00000000d7f80000)
  from space 5120K, 99% used [0x00000000d8480000,0x00000000d897cc50,0x00000000d8980000)
  to   space 5120K, 0% used [0x00000000d7f80000,0x00000000d7f80000,0x00000000d8480000)
 ParOldGen       total 87552K, used 2204K [0x0000000081c00000, 0x0000000087180000, 0x00000000d5f00000)
  object space 87552K, 2% used [0x0000000081c00000,0x0000000081e27120,0x0000000087180000)
 Metaspace       used 11942K, capacity 12142K, committed 12416K, reserved 1060864K
  class space    used 1495K, capacity 1573K, committed 1664K, reserved 1048576K
}
Event: 2.225 GC heap before
{Heap before GC invocations=3 (full 0):
 PSYoungGen      total 38400K, used 38387K [0x00000000d5f00000, 0x00000000d8980000, 0x0000000100000000)
  eden space 33280K, 100% used [0x00000000d5f00000,0x00000000d7f80000,0x00000000d7f80000)
  from space 5120K, 99% used [0x00000000d8480000,0x00000000d897cc50,0x00000000d8980000)
  to   space 5120K, 0% used [0x00000000d7f80000,0x00000000d7f80000,0x00000000d8480000)
 ParOldGen       total 87552K, used 2204K [0x0000000081c00000, 0x0000000087180000, 0x00000000d5f00000)
  object space 87552K, 2% used [0x0000000081c00000,0x0000000081e27120,0x0000000087180000)
 Metaspace       used 14905K, capacity 15138K, committed 15360K, reserved 1062912K
  class space    used 1832K, capacity 1939K, committed 2048K, reserved 1048576K
Event: 2.243 GC heap after
Heap after GC invocations=3 (full 0):
 PSYoungGen      total 38400K, used 5088K [0x00000000d5f00000, 0x00000000daa00000, 0x0000000100000000)
  eden space 33280K, 0% used [0x00000000d5f00000,0x00000000d5f00000,0x00000000d7f80000)
  from space 5120K, 99% used [0x00000000d7f80000,0x00000000d8478020,0x00000000d8480000)
  to   space 5120K, 0% used [0x00000000da500000,0x00000000da500000,0x00000000daa00000)
 ParOldGen       total 87552K, used 4980K [0x0000000081c00000, 0x0000000087180000, 0x00000000d5f00000)
  object space 87552K, 5% used [0x0000000081c00000,0x00000000820dd2a0,0x0000000087180000)
 Metaspace       used 14905K, capacity 15138K, committed 15360K, reserved 1062912K
  class space    used 1832K, capacity 1939K, committed 2048K, reserved 1048576K
}

Deoptimization events (10 events):
Event: 2.356 Thread 0x00000000026f2800 Uncommon trap: reason=predicate action=maybe_recompile pc=0x0000000002e09e9c method=java.nio.charset.CharsetDecoder.decode(Ljava/nio/ByteBuffer;Ljava/nio/CharBuffer;Z)Ljava/nio/charset/CoderResult; @ 54
Event: 2.356 Thread 0x00000000026f2800 Uncommon trap: reason=predicate action=maybe_recompile pc=0x0000000002a949d0 method=java.nio.charset.CharsetDecoder.decode(Ljava/nio/ByteBuffer;Ljava/nio/CharBuffer;Z)Ljava/nio/charset/CoderResult; @ 54
Event: 2.356 Thread 0x00000000026f2800 Uncommon trap: reason=predicate action=maybe_recompile pc=0x0000000002db1ce0 method=java.nio.charset.CharsetDecoder.decode(Ljava/nio/ByteBuffer;Ljava/nio/CharBuffer;Z)Ljava/nio/charset/CoderResult; @ 54
Event: 2.366 Thread 0x00000000026f2800 Uncommon trap: reason=class_check action=maybe_recompile pc=0x0000000002ebcd34 method=org.apache.maven.model.interpolation.StringSearchModelInterpolator$InterpolateObjectAction$MapField.doInterpolate(Ljava/lang/Object;Lorg/apache/maven/model/interpolation
Event: 2.366 Thread 0x00000000026f2800 Uncommon trap: reason=class_check action=maybe_recompile pc=0x0000000002ebcd34 method=org.apache.maven.model.interpolation.StringSearchModelInterpolator$InterpolateObjectAction$MapField.doInterpolate(Ljava/lang/Object;Lorg/apache/maven/model/interpolation
Event: 2.386 Thread 0x00000000026f2800 Uncommon trap: reason=class_check action=maybe_recompile pc=0x0000000002ebcd34 method=org.apache.maven.model.interpolation.StringSearchModelInterpolator$InterpolateObjectAction$MapField.doInterpolate(Ljava/lang/Object;Lorg/apache/maven/model/interpolation
Event: 2.471 Thread 0x00000000026f2800 Uncommon trap: reason=class_check action=maybe_recompile pc=0x0000000002ebcd34 method=org.apache.maven.model.interpolation.StringSearchModelInterpolator$InterpolateObjectAction$MapField.doInterpolate(Ljava/lang/Object;Lorg/apache/maven/model/interpolation
Event: 2.647 Thread 0x00000000026f2800 Uncommon trap: reason=speculate_class_check action=maybe_recompile pc=0x0000000002f3b744 method=java.nio.charset.CharsetDecoder.decode(Ljava/nio/ByteBuffer;Ljava/nio/CharBuffer;Z)Ljava/nio/charset/CoderResult; @ 57
Event: 2.647 Thread 0x00000000026f2800 Uncommon trap: reason=speculate_class_check action=maybe_recompile pc=0x0000000002f3b744 method=java.nio.charset.CharsetDecoder.decode(Ljava/nio/ByteBuffer;Ljava/nio/CharBuffer;Z)Ljava/nio/charset/CoderResult; @ 57
Event: 2.647 Thread 0x00000000026f2800 Uncommon trap: reason=speculate_class_check action=maybe_recompile pc=0x0000000002f3b744 method=java.nio.charset.CharsetDecoder.decode(Ljava/nio/ByteBuffer;Ljava/nio/CharBuffer;Z)Ljava/nio/charset/CoderResult; @ 57

Classes redefined (0 events):
No events

Internal exceptions (10 events):
Event: 1.706 Thread 0x00000000026f2800 Exception <a 'java/lang/NullPointerException'> (0x00000000d6960750) thrown at [C:\re\workspace\8-2-build-windows-amd64-cygwin\jdk8u212\12974\hotspot\src\share\vm\interpreter\linkResolver.cpp, line 1185]
Event: 1.706 Thread 0x00000000026f2800 Exception <a 'java/lang/NullPointerException'> (0x00000000d6960968) thrown at [C:\re\workspace\8-2-build-windows-amd64-cygwin\jdk8u212\12974\hotspot\src\share\vm\interpreter\linkResolver.cpp, line 1185]
Event: 1.706 Thread 0x00000000026f2800 Exception <a 'java/lang/NullPointerException'> (0x00000000d6960b80) thrown at [C:\re\workspace\8-2-build-windows-amd64-cygwin\jdk8u212\12974\hotspot\src\share\vm\interpreter\linkResolver.cpp, line 1185]
Event: 1.707 Thread 0x00000000026f2800 Exception <a 'java/lang/NullPointerException'> (0x00000000d6968b58) thrown at [C:\re\workspace\8-2-build-windows-amd64-cygwin\jdk8u212\12974\hotspot\src\share\vm\interpreter\linkResolver.cpp, line 1185]
Event: 1.707 Thread 0x00000000026f2800 Exception <a 'java/lang/NullPointerException'> (0x00000000d6968d70) thrown at [C:\re\workspace\8-2-build-windows-amd64-cygwin\jdk8u212\12974\hotspot\src\share\vm\interpreter\linkResolver.cpp, line 1185]
Event: 1.707 Thread 0x00000000026f2800 Exception <a 'java/lang/NullPointerException'> (0x00000000d6968f88) thrown at [C:\re\workspace\8-2-build-windows-amd64-cygwin\jdk8u212\12974\hotspot\src\share\vm\interpreter\linkResolver.cpp, line 1185]
Event: 1.938 Thread 0x00000000026f2800 Implicit null exception at 0x0000000002b97495 to 0x0000000002b9766d
Event: 1.938 Thread 0x00000000026f2800 Implicit null exception at 0x0000000002c47f6f to 0x0000000002c47fd9
Event: 2.119 Thread 0x00000000026f2800 Implicit null exception at 0x0000000002b27d9b to 0x0000000002b28205
Event: 2.197 Thread 0x00000000026f2800 Implicit null exception at 0x0000000002e518dd to 0x0000000002e52a61

Events (10 events):
Event: 2.645 Thread 0x00000000026f2800 DEOPT UNPACKING pc=0x0000000002837890 sp=0x00000000026dc018 mode 0
Event: 2.647 Thread 0x00000000026f2800 Uncommon trap: trap_request=0xffffff76 fr.pc=0x0000000002f3b744
Event: 2.647 Thread 0x00000000026f2800 DEOPT PACKING pc=0x0000000002f3b744 sp=0x00000000026dbf30
Event: 2.647 Thread 0x00000000026f2800 DEOPT UNPACKING pc=0x000000000283583b sp=0x00000000026dbe18 mode 2
Event: 2.647 Thread 0x00000000026f2800 Uncommon trap: trap_request=0xffffff76 fr.pc=0x0000000002f3b744
Event: 2.647 Thread 0x00000000026f2800 DEOPT PACKING pc=0x0000000002f3b744 sp=0x00000000026dbbd0
Event: 2.647 Thread 0x00000000026f2800 DEOPT UNPACKING pc=0x000000000283583b sp=0x00000000026dbab8 mode 2
Event: 2.647 Thread 0x00000000026f2800 Uncommon trap: trap_request=0xffffff76 fr.pc=0x0000000002f3b744
Event: 2.647 Thread 0x00000000026f2800 DEOPT PACKING pc=0x0000000002f3b744 sp=0x00000000026dbf30
Event: 2.647 Thread 0x00000000026f2800 DEOPT UNPACKING pc=0x000000000283583b sp=0x00000000026dbe18 mode 2


Dynamic libraries:
0x00007ff7f4d20000 - 0x00007ff7f4d57000 	C:\Program Files\Java\jdk1.8.0_212\bin\java.exe
0x00007ffb09190000 - 0x00007ffb0937d000 	C:\WINDOWS\SYSTEM32\ntdll.dll
0x00007ffb08ba0000 - 0x00007ffb08c53000 	C:\WINDOWS\System32\KERNEL32.DLL
0x00007ffb05ff0000 - 0x00007ffb06283000 	C:\WINDOWS\System32\KERNELBASE.dll
0x000000005bb60000 - 0x000000005bbf5000 	C:\WINDOWS\System32\SYSFER.DLL
0x00007ffb08ad0000 - 0x00007ffb08b73000 	C:\WINDOWS\System32\ADVAPI32.dll
0x00007ffb08900000 - 0x00007ffb0899e000 	C:\WINDOWS\System32\msvcrt.dll
0x00007ffb07050000 - 0x00007ffb070ee000 	C:\WINDOWS\System32\sechost.dll
0x00007ffb089a0000 - 0x00007ffb08ac2000 	C:\WINDOWS\System32\RPCRT4.dll
0x00007ffb063c0000 - 0x00007ffb06557000 	C:\WINDOWS\System32\USER32.dll
0x00007ffb05260000 - 0x00007ffb05280000 	C:\WINDOWS\System32\win32u.dll
0x00007ffb07320000 - 0x00007ffb07349000 	C:\WINDOWS\System32\GDI32.dll
0x00007ffb05510000 - 0x00007ffb056aa000 	C:\WINDOWS\System32\gdi32full.dll
0x00007ffb057e0000 - 0x00007ffb05880000 	C:\WINDOWS\System32\msvcp_win.dll
0x00007ffb06290000 - 0x00007ffb0638a000 	C:\WINDOWS\System32\ucrtbase.dll
0x00007ffaf68d0000 - 0x00007ffaf6b49000 	C:\WINDOWS\WinSxS\amd64_microsoft.windows.common-controls_6595b64144ccf1df_6.0.17763.503_none_05b23ef40721f4ae\COMCTL32.dll
0x00007ffb06b70000 - 0x00007ffb06e9c000 	C:\WINDOWS\System32\combase.dll
0x00007ffb05760000 - 0x00007ffb057de000 	C:\WINDOWS\System32\bcryptPrimitives.dll
0x00007ffb072f0000 - 0x00007ffb0731e000 	C:\WINDOWS\System32\IMM32.DLL
0x000000005a7d0000 - 0x000000005a8a2000 	C:\Program Files\Java\jdk1.8.0_212\jre\bin\msvcr100.dll
0x0000000059f20000 - 0x000000005a7c5000 	C:\Program Files\Java\jdk1.8.0_212\jre\bin\server\jvm.dll
0x00007ffb072e0000 - 0x00007ffb072e8000 	C:\WINDOWS\System32\PSAPI.DLL
0x00007ffaf2fd0000 - 0x00007ffaf2fd9000 	C:\WINDOWS\SYSTEM32\WSOCK32.dll
0x00007ffb06f20000 - 0x00007ffb06f8d000 	C:\WINDOWS\System32\WS2_32.dll
0x00007ffb01610000 - 0x00007ffb01634000 	C:\WINDOWS\SYSTEM32\WINMM.dll
0x00007ffafd780000 - 0x00007ffafd78a000 	C:\WINDOWS\SYSTEM32\VERSION.dll
0x00007ffb015e0000 - 0x00007ffb0160d000 	C:\WINDOWS\SYSTEM32\WINMMBASE.dll
0x00007ffb05710000 - 0x00007ffb0575a000 	C:\WINDOWS\System32\cfgmgr32.dll
0x00007ffafe8c0000 - 0x00007ffafe8cf000 	C:\Program Files\Java\jdk1.8.0_212\jre\bin\verify.dll
0x00007ffafbc70000 - 0x00007ffafbc99000 	C:\Program Files\Java\jdk1.8.0_212\jre\bin\java.dll
0x00007ffafbc50000 - 0x00007ffafbc66000 	C:\Program Files\Java\jdk1.8.0_212\jre\bin\zip.dll
0x00007ffb07410000 - 0x00007ffb08900000 	C:\WINDOWS\System32\SHELL32.dll
0x00007ffb06f90000 - 0x00007ffb07038000 	C:\WINDOWS\System32\shcore.dll
0x00007ffb05880000 - 0x00007ffb05fca000 	C:\WINDOWS\System32\windows.storage.dll
0x00007ffb051d0000 - 0x00007ffb051f4000 	C:\WINDOWS\System32\profapi.dll
0x00007ffb05200000 - 0x00007ffb0525d000 	C:\WINDOWS\System32\powrprof.dll
0x00007ffb07350000 - 0x00007ffb073a2000 	C:\WINDOWS\System32\shlwapi.dll
0x00007ffb051b0000 - 0x00007ffb051c1000 	C:\WINDOWS\System32\kernel.appcore.dll
0x00007ffb05fd0000 - 0x00007ffb05fe7000 	C:\WINDOWS\System32\cryptsp.dll
0x00007ffafbc40000 - 0x00007ffafbc4a000 	C:\apache-maven-3.6.1\lib\jansi-native\windows64\jansi.dll
0x00007ffaf17a0000 - 0x00007ffaf17ba000 	C:\Program Files\Java\jdk1.8.0_212\jre\bin\net.dll
0x00007ffaf87f0000 - 0x00007ffaf89c6000 	C:\WINDOWS\SYSTEM32\urlmon.dll
0x00007ffaf8dc0000 - 0x00007ffaf9068000 	C:\WINDOWS\SYSTEM32\iertutil.dll
0x00007ffb04be0000 - 0x00007ffb04bec000 	C:\WINDOWS\SYSTEM32\CRYPTBASE.DLL
0x00007ffb04a10000 - 0x00007ffb04a77000 	C:\WINDOWS\system32\mswsock.dll
0x00007ffaf1780000 - 0x00007ffaf1792000 	C:\Program Files\Java\jdk1.8.0_212\jre\bin\nio.dll

VM Arguments:
jvm_args: -Dclassworlds.conf=C:/apache-maven-3.6.1/bin/m2.conf -Dmaven.home=C:/apache-maven-3.6.1 -Dlibrary.jansi.path=C:/apache-maven-3.6.1/lib/jansi-native -Dmaven.multiModuleProjectDirectory=D:/GitHub/codeu-starter-project 
java_command: org.codehaus.plexus.classworlds.launcher.Launcher appengine:devserver
java_class_path (initial): C:/apache-maven-3.6.1/boot/plexus-classworlds-2.6.0.jar
Launcher Type: SUN_STANDARD

Environment Variables:
JAVA_HOME=C:/Program Files/Java/jdk1.8.0_212
PATH=C:\Users\Quynh Mai\bin;C:\Program Files\Git\mingw64\bin;C:\Program Files\Git\usr\local\bin;C:\Program Files\Git\usr\bin;C:\Program Files\Git\usr\bin;C:\Program Files\Git\mingw64\bin;C:\Program Files\Git\usr\bin;C:\Users\Quynh Mai\bin;C:\Program Files (x86)\Common Files\Oracle\Java\javapath;C:\Program Files (x86)\Intel\iCLS Client;C:\Program Files\Intel\iCLS Client;C:\WINDOWS\system32;C:\WINDOWS;C:\WINDOWS\System32\Wbem;C:\WINDOWS\System32\WindowsPowerShell\v1.0;C:\Program Files (x86)\Intel\Intel(R) Management Engine Components\DAL;C:\Program Files\Intel\Intel(R) Management Engine Components\DAL;C:\Program Files (x86)\Intel\Intel(R) Management Engine Components\IPT;C:\Program Files\Intel\Intel(R) Management Engine Components\IPT;C:\WINDOWS\System32\OpenSSH;C:\Program Files\dotnet;C:\Program Files\Java\jdk1.8.0_212\bin;C:\Program Files\Java\jre1.8.0_212\bin;C:\apache-maven-3.6.1\bin;C:\Program Files\Git\cmd;C:\Users\Quynh Mai\AppData\Local\Microsoft\WindowsApps;C:\Program Files\Java\jdk1.8.0_212\bin;C:\Users\Quynh Mai\AppData\Local\GitHubDesktop\bin;C:\Program Files\JetBrains\IntelliJ IDEA 2019.1.2\bin;C:\Program Files\Git\usr\bin\vendor_perl;C:\Program Files\Git\usr\bin\core_perl
USERNAME=Quynh Mai
SHELL=C:\Program Files\Git\usr\bin\bash.exe
DISPLAY=needs-to-be-defined
OS=Windows_NT
PROCESSOR_IDENTIFIER=Intel64 Family 6 Model 142 Stepping 9, GenuineIntel



---------------  S Y S T E M  ---------------

OS: Windows 10.0 , 64 bit Build 17763 (10.0.17763.475)

CPU:total 4 (initial active 4) (2 cores per cpu, 2 threads per core) family 6 model 142 stepping 9, cmov, cx8, fxsr, mmx, sse, sse2, sse3, ssse3, sse4.1, sse4.2, popcnt, avx, avx2, aes, clmul, erms, 3dnowpref, lzcnt, ht, tsc, tscinvbit, bmi1, bmi2, adx

Memory: 4k page, physical 8271144k(1490036k free), swap 8271144k(5828k free)

vm_info: Java HotSpot(TM) 64-Bit Server VM (25.212-b10) for windows-amd64 JRE (1.8.0_212-b10), built on Apr  1 2019 22:50:23 by "java_re" with MS VC++ 10.0 (VS2010)

time: Thu May 23 11:16:24 2019
timezone: SE Asia Standard Time
elapsed time: 2 seconds (0d 0h 0m 2s)

